d:\dosuha\cpp\winapigame\winapigame\x64\debug\vc143.pdb
d:\dosuha\cpp\winapigame\winapigame\x64\debug\vc143.idb
d:\dosuha\cpp\winapigame\winapigame\x64\debug\inputaction.obj
d:\dosuha\cpp\winapigame\winapigame\x64\debug\controller.obj
d:\dosuha\cpp\winapigame\winapigame\x64\debug\floor.obj
d:\dosuha\cpp\winapigame\winapigame\x64\debug\gamemanager.obj
d:\dosuha\cpp\winapigame\winapigame\x64\debug\world.obj
d:\dosuha\cpp\winapigame\winapigame\x64\debug\object.obj
d:\dosuha\cpp\winapigame\winapigame\x64\debug\spriteshape.obj
d:\dosuha\cpp\winapigame\winapigame\x64\debug\animationsprite.obj
d:\dosuha\cpp\winapigame\winapigame\x64\debug\shapecomponent.obj
d:\dosuha\cpp\winapigame\winapigame\x64\debug\rectangleshape.obj
d:\dosuha\cpp\winapigame\winapigame\x64\debug\physicscomponent.obj
d:\dosuha\cpp\winapigame\winapigame\x64\debug\hardbody.obj
d:\dosuha\cpp\winapigame\winapigame\x64\debug\gravitycomponent.obj
d:\dosuha\cpp\winapigame\winapigame\x64\debug\collider.obj
d:\dosuha\cpp\winapigame\winapigame\x64\debug\component.obj
d:\dosuha\cpp\winapigame\winapigame\x64\debug\collisionmanager.obj
d:\dosuha\cpp\winapigame\winapigame\x64\debug\frame.obj
d:\dosuha\cpp\winapigame\winapigame\x64\debug\animationgroup.obj
d:\dosuha\cpp\winapigame\winapigame\x64\debug\animation.obj
d:\dosuha\cpp\winapigame\winapigame\x64\debug\statearrow.obj
d:\dosuha\cpp\winapigame\winapigame\x64\debug\statemachine.obj
d:\dosuha\cpp\winapigame\winapigame\x64\debug\state.obj
d:\dosuha\cpp\winapigame\winapigame\x64\debug\rendermanager.obj
d:\dosuha\cpp\winapigame\winapigame\x64\debug\vector.obj
d:\dosuha\cpp\winapigame\winapigame\x64\debug\region.obj
d:\dosuha\cpp\winapigame\winapigame\x64\debug\bounds.obj
d:\dosuha\cpp\winapigame\winapigame\x64\debug\actionvalue.obj
d:\dosuha\cpp\winapigame\winapigame\x64\debug\math.obj
d:\dosuha\cpp\winapigame\winapigame\x64\debug\iupdate.obj
d:\dosuha\cpp\winapigame\winapigame\x64\debug\mouse.obj
d:\dosuha\cpp\winapigame\winapigame\x64\debug\slideinputcomponent.obj
d:\dosuha\cpp\winapigame\winapigame\x64\debug\buttoninputcomponent.obj
d:\dosuha\cpp\winapigame\winapigame\x64\debug\trigger.obj
d:\dosuha\cpp\winapigame\winapigame\x64\debug\inversedirectionmodifystrategy.obj
d:\dosuha\cpp\winapigame\winapigame\x64\debug\forwarddirectionmodifystrategy.obj
d:\dosuha\cpp\winapigame\winapigame\x64\debug\yxaxismodifystrategy.obj
d:\dosuha\cpp\winapigame\winapigame\x64\debug\xyaxismodifystrategy.obj
d:\dosuha\cpp\winapigame\winapigame\x64\debug\modifier.obj
d:\dosuha\cpp\winapigame\winapigame\x64\debug\invokerset.obj
d:\dosuha\cpp\winapigame\winapigame\x64\debug\windowsapplication.obj
d:\dosuha\cpp\winapigame\winapigame\x64\debug\tickclock.obj
d:\dosuha\cpp\winapigame\winapigame\x64\debug\simpleclock.obj
d:\dosuha\cpp\winapigame\winapigame\x64\debug\queryclock.obj
d:\dosuha\cpp\winapigame\winapigame\x64\debug\multimediaclock.obj
d:\dosuha\cpp\winapigame\winapigame\x64\debug\windowsgraphicdeviceinterface.obj
d:\dosuha\cpp\winapigame\winapigame\x64\debug\rectangle.obj
d:\dosuha\cpp\winapigame\winapigame\x64\debug\keyboard.obj
d:\dosuha\cpp\winapigame\winapigame\x64\debug\invoker.obj
d:\dosuha\cpp\winapigame\winapigame\x64\debug\player.obj
d:\dosuha\cpp\winapigame\winapigame\x64\debug\initialize.obj
d:\dosuha\cpp\winapigame\x64\debug\winapigame.exe
d:\dosuha\cpp\winapigame\x64\debug\winapigame.pdb
d:\dosuha\cpp\winapigame\winapigame\x64\debug\winapigame.ilk
d:\dosuha\cpp\winapigame\winapigame\x64\debug\jumpcomponent.obj
d:\dosuha\cpp\winapigame\winapigame\x64\debug\winapigame.tlog\cl.command.1.tlog
d:\dosuha\cpp\winapigame\winapigame\x64\debug\winapigame.tlog\cl.items.tlog
d:\dosuha\cpp\winapigame\winapigame\x64\debug\winapigame.tlog\cl.read.1.tlog
d:\dosuha\cpp\winapigame\winapigame\x64\debug\winapigame.tlog\cl.write.1.tlog
d:\dosuha\cpp\winapigame\winapigame\x64\debug\winapigame.tlog\link.command.1.tlog
d:\dosuha\cpp\winapigame\winapigame\x64\debug\winapigame.tlog\link.read.1.tlog
d:\dosuha\cpp\winapigame\winapigame\x64\debug\winapigame.tlog\link.secondary.1.tlog
d:\dosuha\cpp\winapigame\winapigame\x64\debug\winapigame.tlog\link.write.1.tlog
